<?xml version="1.0" encoding="UTF-8" ?>
<testsuites disabled="0" errors="0" failures="1" tests="6" time="32.91">
 <testsuite name="Demo Calculator Test" timestamp="2022-05-16T11:55:07" hostname="localhost" time="32.91" errors="0" tests="6" skipped="0" disabled="0" failures="1">
  <testcase classname="Demo Calculator Test" name="addition test" time="9.418" />
  <testcase classname="Demo Calculator Test" name="subraction test" time="4.651" />
  <testcase classname="Demo Calculator Test" name="multiplacation test" time="4.739" />
  <testcase classname="Demo Calculator Test" name="division test" time="4.73" />
  <testcase classname="Demo Calculator Test" name="modulo test" time="4.648" />
  <testcase classname="Demo Calculator Test" name="error test" time="4.714">
   <failure type="toEqual" message="Expected &apos;10&apos; to equal &apos;0&apos;."><![CDATA[Error: Failed expectation
    at homepage.verifyResult (D:\Automation_Practice\Protractor\ProtractorDemo\pages\homepage.js:36:34)
    at UserContext.<anonymous> (D:\Automation_Practice\Protractor\ProtractorDemo\tests\calculator.js:123:18)
    at C:\Users\Full Scale\AppData\Roaming\npm\node_modules\protractor\node_modules\jasminewd2\index.js:112:25
    at new ManagedPromise (C:\Users\Full Scale\AppData\Roaming\npm\node_modules\protractor\node_modules\selenium-webdriver\lib\promise.js:1077:7)
    at ControlFlow.promise (C:\Users\Full Scale\AppData\Roaming\npm\node_modules\protractor\node_modules\selenium-webdriver\lib\promise.js:2505:12)
    at schedulerExecute (C:\Users\Full Scale\AppData\Roaming\npm\node_modules\protractor\node_modules\jasminewd2\index.js:95:18)
    at TaskQueue.execute_ (C:\Users\Full Scale\AppData\Roaming\npm\node_modules\protractor\node_modules\selenium-webdriver\lib\promise.js:3084:14)
    at TaskQueue.executeNext_ (C:\Users\Full Scale\AppData\Roaming\npm\node_modules\protractor\node_modules\selenium-webdriver\lib\promise.js:3067:27)
    at C:\Users\Full Scale\AppData\Roaming\npm\node_modules\protractor\node_modules\selenium-webdriver\lib\promise.js:2927:27]]>
   </failure>
  </testcase>
 </testsuite>
</testsuites>